<?xml version="1.0" encoding="UTF-8"?>
<!-- Generated by org.testng.reporters.JUnitXMLReporter -->
<testsuite hostname="LAPTOP-6F5IMLR2" ignored="0" name="Surefire test" tests="8" failures="1" timestamp="13 Aug 2022 11:06:26 GMT" time="13.577" errors="0">
  <testcase name="tc0" time="6.089" classname="org.login.Testing"/>
  <testcase name="tc0" time="3.176" classname="org.login.Testing"/>
  <testcase name="tc0" time="3.687" classname="org.login.Testing"/>
  <testcase name="tc0" time="0.001" classname="org.login.Testing2"/>
  <testcase name="tc04" time="0.002" classname="org.login.Testing2">
    <failure type="java.lang.AssertionError" message="expected [true] but found [false]">
      <![CDATA[java.lang.AssertionError: expected [true] but found [false]
at org.login.Testing2.tc04(Testing2.java:33)
... Removed 34 stack frames]]>
    </failure>
  </testcase> <!-- tc04 -->
  <testcase name="tc03" time="0.001" classname="org.login.Testing2"/>
  <testcase name="tc01" time="0.0" classname="org.login.Testing2">
    <skipped/>
  </testcase> <!-- tc01 -->
  <testcase name="tc02" time="0.0" classname="org.login.Testing2">
    <skipped/>
  </testcase> <!-- tc02 -->
</testsuite> <!-- Surefire test -->
