<?xml version="1.0" encoding="UTF-8"?>
<!-- Generated by org.testng.reporters.JUnitXMLReporter -->
<testsuite hostname="LAPTOP-6F5IMLR2" ignored="0" name="Test2" tests="10" failures="0" timestamp="14 Aug 2022 08:37:16 GMT" time="0.045" errors="0">
  <testcase name="tc0" time="0.0" classname="org.login.Testing2"/>
  <testcase name="tc01" time="0.0" classname="org.login.Testing2"/>
  <testcase name="tc02" time="0.0" classname="org.login.Testing2"/>
  <testcase name="tc03" time="0.0" classname="org.login.Testing2"/>
  <testcase name="tc04" time="0.0" classname="org.login.Testing2"/>
  <testcase name="tc20" time="0.007" classname="org.login.Testing"/>
  <testcase name="tc21" time="0.0" classname="org.login.Testing"/>
  <testcase name="tc22" time="0.0" classname="org.login.Testing"/>
  <testcase name="tc23" time="0.007" classname="org.login.Testing"/>
  <testcase name="tc24" time="0.0" classname="org.login.Testing"/>
</testsuite> <!-- Test2 -->
