<?xml version="1.0" encoding="UTF-8"?>
<testng-results skipped="0" failed="0" ignored="0" total="2" passed="2">
  <reporter-output>
  </reporter-output>
  <suite name="Default suite" duration-ms="21" started-at="2022-09-01T12:41:16Z" finished-at="2022-09-01T12:41:16Z">
    <groups>
    </groups>
    <test name="Default test" duration-ms="21" started-at="2022-09-01T12:41:16Z" finished-at="2022-09-01T12:41:16Z">
      <class name="org.sample.SampleTest">
        <test-method status="PASS" signature="beforeSuite()[pri:0, instance:org.sample.SampleTest@7cd62f43]" name="beforeSuite" is-config="true" duration-ms="10" started-at="2022-09-01T12:41:16Z" finished-at="2022-09-01T12:41:16Z">
          <reporter-output>
          </reporter-output>
        </test-method> <!-- beforeSuite -->
        <test-method status="PASS" signature="beforeTest()[pri:0, instance:org.sample.SampleTest@7cd62f43]" name="beforeTest" is-config="true" duration-ms="0" started-at="2022-09-01T12:41:16Z" finished-at="2022-09-01T12:41:16Z">
          <reporter-output>
          </reporter-output>
        </test-method> <!-- beforeTest -->
        <test-method status="PASS" signature="beforeClass()[pri:0, instance:org.sample.SampleTest@7cd62f43]" name="beforeClass" is-config="true" duration-ms="0" started-at="2022-09-01T12:41:16Z" finished-at="2022-09-01T12:41:16Z">
          <reporter-output>
          </reporter-output>
        </test-method> <!-- beforeClass -->
        <test-method status="PASS" signature="beforeMethod()[pri:0, instance:org.sample.SampleTest@7cd62f43]" name="beforeMethod" is-config="true" duration-ms="0" started-at="2022-09-01T12:41:16Z" finished-at="2022-09-01T12:41:16Z">
          <reporter-output>
          </reporter-output>
        </test-method> <!-- beforeMethod -->
        <test-method status="PASS" signature="tc01()[pri:0, instance:org.sample.SampleTest@7cd62f43]" name="tc01" duration-ms="0" started-at="2022-09-01T12:41:16Z" finished-at="2022-09-01T12:41:16Z">
          <reporter-output>
          </reporter-output>
        </test-method> <!-- tc01 -->
        <test-method status="PASS" signature="afterMethod()[pri:0, instance:org.sample.SampleTest@7cd62f43]" name="afterMethod" is-config="true" duration-ms="0" started-at="2022-09-01T12:41:16Z" finished-at="2022-09-01T12:41:16Z">
          <reporter-output>
          </reporter-output>
        </test-method> <!-- afterMethod -->
        <test-method status="PASS" signature="afterMethod()[pri:0, instance:org.sample.SampleTest@7cd62f43]" name="afterMethod" is-config="true" duration-ms="0" started-at="2022-09-01T12:41:16Z" finished-at="2022-09-01T12:41:16Z">
          <reporter-output>
          </reporter-output>
        </test-method> <!-- afterMethod -->
        <test-method status="PASS" signature="beforeMethod()[pri:0, instance:org.sample.SampleTest@7cd62f43]" name="beforeMethod" is-config="true" duration-ms="0" started-at="2022-09-01T12:41:16Z" finished-at="2022-09-01T12:41:16Z">
          <reporter-output>
          </reporter-output>
        </test-method> <!-- beforeMethod -->
        <test-method status="PASS" signature="afterTest()[pri:0, instance:org.sample.SampleTest@7cd62f43]" name="afterTest" is-config="true" duration-ms="0" started-at="2022-09-01T12:41:16Z" finished-at="2022-09-01T12:41:16Z">
          <reporter-output>
          </reporter-output>
        </test-method> <!-- afterTest -->
        <test-method status="PASS" signature="tc02()[pri:0, instance:org.sample.SampleTest@7cd62f43]" name="tc02" duration-ms="0" started-at="2022-09-01T12:41:16Z" finished-at="2022-09-01T12:41:16Z">
          <reporter-output>
          </reporter-output>
        </test-method> <!-- tc02 -->
        <test-method status="PASS" signature="afterClass()[pri:0, instance:org.sample.SampleTest@7cd62f43]" name="afterClass" is-config="true" duration-ms="0" started-at="2022-09-01T12:41:16Z" finished-at="2022-09-01T12:41:16Z">
          <reporter-output>
          </reporter-output>
        </test-method> <!-- afterClass -->
        <test-method status="PASS" signature="afterSuite()[pri:0, instance:org.sample.SampleTest@7cd62f43]" name="afterSuite" is-config="true" duration-ms="0" started-at="2022-09-01T12:41:16Z" finished-at="2022-09-01T12:41:16Z">
          <reporter-output>
          </reporter-output>
        </test-method> <!-- afterSuite -->
      </class> <!-- org.sample.SampleTest -->
    </test> <!-- Default test -->
  </suite> <!-- Default suite -->
</testng-results>
